2019-11-03 16:49:42,190 INFO [org.springframework.context.support.ClassPathXmlApplicationContext] - Refreshing org.springframework.context.support.ClassPathXmlApplicationContext@41975e01: startup date [Sun Nov 03 16:49:42 CST 2019]; root of context hierarchy
2019-11-03 16:49:42,339 INFO [org.springframework.beans.factory.xml.XmlBeanDefinitionReader] - Loading XML bean definitions from class path resource [Spring-context.xml]
2019-11-03 16:49:42,720 INFO [com.wufan.hello.spring.MyTest] - 信息级别日志
2019-11-03 16:49:42,720 WARN [com.wufan.hello.spring.MyTest] - 警告级别日志
2019-11-03 16:49:42,720 ERROR [com.wufan.hello.spring.MyTest] - 错误级别日志
2019-11-03 16:49:42,727 INFO [com.wufan.hello.spring.MyTest] - message is：测试 测试2
2019-11-03 16:57:14,275 INFO [org.springframework.context.support.ClassPathXmlApplicationContext] - Refreshing org.springframework.context.support.ClassPathXmlApplicationContext@41975e01: startup date [Sun Nov 03 16:57:14 CST 2019]; root of context hierarchy
2019-11-03 16:57:14,453 INFO [org.springframework.beans.factory.xml.XmlBeanDefinitionReader] - Loading XML bean definitions from class path resource [Spring-context.xml]
2019-11-03 16:57:14,908 INFO [com.wufan.hello.spring.MyTest] - 信息级别日志
2019-11-03 16:57:14,908 WARN [com.wufan.hello.spring.MyTest] - 警告级别日志
2019-11-03 16:57:14,908 ERROR [com.wufan.hello.spring.MyTest] - 错误级别日志
2019-11-03 16:57:14,911 INFO [com.wufan.hello.spring.MyTest] - message is：测试 测试2
2019-11-03 16:58:51,415 INFO [org.springframework.context.support.ClassPathXmlApplicationContext] - Refreshing org.springframework.context.support.ClassPathXmlApplicationContext@41975e01: startup date [Sun Nov 03 16:58:51 CST 2019]; root of context hierarchy
2019-11-03 16:58:51,539 INFO [org.springframework.beans.factory.xml.XmlBeanDefinitionReader] - Loading XML bean definitions from class path resource [Spring-context.xml]
2019-11-03 16:58:52,064 INFO [com.wufan.hello.spring.MyTest] - 信息级别日志
2019-11-03 16:58:52,064 WARN [com.wufan.hello.spring.MyTest] - 警告级别日志
2019-11-03 16:58:52,064 ERROR [com.wufan.hello.spring.MyTest] - 错误级别日志
2019-11-03 16:58:52,067 INFO [com.wufan.hello.spring.MyTest] - message is：测试 测试2
2019-11-03 16:59:38,260 INFO [org.springframework.context.support.ClassPathXmlApplicationContext] - Refreshing org.springframework.context.support.ClassPathXmlApplicationContext@41975e01: startup date [Sun Nov 03 16:59:38 CST 2019]; root of context hierarchy
2019-11-03 16:59:38,415 INFO [org.springframework.beans.factory.xml.XmlBeanDefinitionReader] - Loading XML bean definitions from class path resource [Spring-context.xml]
2019-11-03 16:59:38,762 INFO [com.wufan.hello.spring.MyTest] - 信息级别日志
2019-11-03 16:59:38,762 WARN [com.wufan.hello.spring.MyTest] - 警告级别日志
2019-11-03 16:59:38,762 ERROR [com.wufan.hello.spring.MyTest] - 错误级别日志
2019-11-03 16:59:38,764 INFO [com.wufan.hello.spring.MyTest] - message is：测试 测试2
2019-11-03 16:59:49,200 INFO [org.springframework.context.support.ClassPathXmlApplicationContext] - Refreshing org.springframework.context.support.ClassPathXmlApplicationContext@41975e01: startup date [Sun Nov 03 16:59:49 CST 2019]; root of context hierarchy
2019-11-03 16:59:49,406 INFO [org.springframework.beans.factory.xml.XmlBeanDefinitionReader] - Loading XML bean definitions from class path resource [Spring-context.xml]
2019-11-03 16:59:50,037 INFO [com.wufan.hello.spring.MyTest] - 信息级别日志
2019-11-03 16:59:50,037 WARN [com.wufan.hello.spring.MyTest] - 警告级别日志
2019-11-03 16:59:50,037 ERROR [com.wufan.hello.spring.MyTest] - 错误级别日志
2019-11-03 16:59:50,039 INFO [com.wufan.hello.spring.MyTest] - message is：测试 测试2
2019-11-03 17:00:03,888 INFO [org.springframework.context.support.ClassPathXmlApplicationContext] - Refreshing org.springframework.context.support.ClassPathXmlApplicationContext@41975e01: startup date [Sun Nov 03 17:00:03 CST 2019]; root of context hierarchy
2019-11-03 17:00:04,014 INFO [org.springframework.beans.factory.xml.XmlBeanDefinitionReader] - Loading XML bean definitions from class path resource [Spring-context.xml]
2019-11-03 17:00:04,369 INFO [com.wufan.hello.spring.MyTest] - 信息级别日志
2019-11-03 17:00:04,371 WARN [com.wufan.hello.spring.MyTest] - 警告级别日志
2019-11-03 17:00:04,371 ERROR [com.wufan.hello.spring.MyTest] - 错误级别日志
2019-11-03 17:00:04,374 INFO [com.wufan.hello.spring.MyTest] - message is：测试 测试2
2019-11-03 17:00:21,377 INFO [org.springframework.context.support.ClassPathXmlApplicationContext] - Refreshing org.springframework.context.support.ClassPathXmlApplicationContext@41975e01: startup date [Sun Nov 03 17:00:21 CST 2019]; root of context hierarchy
2019-11-03 17:00:21,504 INFO [org.springframework.beans.factory.xml.XmlBeanDefinitionReader] - Loading XML bean definitions from class path resource [Spring-context.xml]
2019-11-03 17:00:21,756 INFO [com.wufan.hello.spring.MyTest] - 信息级别日志
2019-11-03 17:00:21,756 WARN [com.wufan.hello.spring.MyTest] - 警告级别日志
2019-11-03 17:00:21,756 ERROR [com.wufan.hello.spring.MyTest] - 错误级别日志
2019-11-03 17:00:21,758 INFO [com.wufan.hello.spring.MyTest] - message is：测试 测试2
